WARNING: All log messages before absl::InitializeLog() is called are written to STDERR
E0000 00:00:1768446755.825014   15480 alts_credentials.cc:93] ALTS creds ignored. Not running on GCP and untrusted ALTS is not enabled.
API Key found: True
Library imported successfully
API configured successfully
Model created successfully

Testing content generation...
Traceback (most recent call last):
  File "D:\Nilanchal Jena\Finhabits utkarsh\FInhabit-main\FInhabit-main\test_ai_simple.py", line 37, in <module>
    response = model.generate_content("Hello, respond with just 'Hi'")
               ^^^^^^^^^^^^^^^^^^^^^^^^^^^^^^^^^^^^^^^^^^^^^^^^^^^^^^^
  File "C:\Users\nirakar24\AppData\Local\Programs\Python\Python312\Lib\site-packages\google\generativeai\generative_models.py", line 243, in generate_content
    response = self._client.generate_content(request)
               ^^^^^^^^^^^^^^^^^^^^^^^^^^^^^^^^^^^^^^
  File "C:\Users\nirakar24\AppData\Local\Programs\Python\Python312\Lib\site-packages\google\ai\generativelanguage_v1beta\services\generative_service\client.py", line 566, in generate_content
    response = rpc(
               ^^^^
  File "C:\Users\nirakar24\AppData\Local\Programs\Python\Python312\Lib\site-packages\google\api_core\gapic_v1\method.py", line 131, in __call__
    return wrapped_func(*args, **kwargs)
           ^^^^^^^^^^^^^^^^^^^^^^^^^^^^^
  File "C:\Users\nirakar24\AppData\Local\Programs\Python\Python312\Lib\site-packages\google\api_core\retry\retry_unary.py", line 294, in retry_wrapped_func
    return retry_target(
           ^^^^^^^^^^^^^
  File "C:\Users\nirakar24\AppData\Local\Programs\Python\Python312\Lib\site-packages\google\api_core\retry\retry_unary.py", line 156, in retry_target
    next_sleep = _retry_error_helper(
                 ^^^^^^^^^^^^^^^^^^^^
  File "C:\Users\nirakar24\AppData\Local\Programs\Python\Python312\Lib\site-packages\google\api_core\retry\retry_base.py", line 214, in _retry_error_helper
    raise final_exc from source_exc
  File "C:\Users\nirakar24\AppData\Local\Programs\Python\Python312\Lib\site-packages\google\api_core\retry\retry_unary.py", line 147, in retry_target
    result = target()
             ^^^^^^^^
  File "C:\Users\nirakar24\AppData\Local\Programs\Python\Python312\Lib\site-packages\google\api_core\timeout.py", line 130, in func_with_timeout
    return func(*args, **kwargs)
           ^^^^^^^^^^^^^^^^^^^^^
  File "C:\Users\nirakar24\AppData\Local\Programs\Python\Python312\Lib\site-packages\google\api_core\grpc_helpers.py", line 78, in error_remapped_callable
    raise exceptions.from_grpc_error(exc) from exc
google.api_core.exceptions.NotFound: 404 models/gemini-pro is not found for API version v1beta, or is not supported for generateContent. Call ListModels to see the list of available models and their supported methods.

During handling of the above exception, another exception occurred:

Traceback (most recent call last):
  File "D:\Nilanchal Jena\Finhabits utkarsh\FInhabit-main\FInhabit-main\test_ai_simple.py", line 42, in <module>
    print(f"\n\u2717 ERROR: {e}")
  File "C:\Users\nirakar24\AppData\Local\Programs\Python\Python312\Lib\encodings\cp1252.py", line 19, in encode
    return codecs.charmap_encode(input,self.errors,encoding_table)[0]
           ^^^^^^^^^^^^^^^^^^^^^^^^^^^^^^^^^^^^^^^^^^^^^^^^^^^^^^^
UnicodeEncodeError: 'charmap' codec can't encode character '\u2717' in position 2: character maps to <undefined>
